<?xml version="1.0" encoding="UTF-8"?>
<testng-results skipped="0" failed="0" ignored="0" total="1" passed="1">
  <reporter-output>
  </reporter-output>
  <suite name="Default suite" duration-ms="2945" started-at="2020-03-02T22:39:41 IST" finished-at="2020-03-02T22:39:44 IST">
    <groups>
    </groups>
    <test name="Default test" duration-ms="2945" started-at="2020-03-02T22:39:41 IST" finished-at="2020-03-02T22:39:44 IST">
      <class name="com.w2a.apitestcases.CreateCustomerTest">
        <test-method status="PASS" signature="start()[pri:0, instance:com.w2a.apitestcases.CreateCustomerTest@5b87ed94]" name="start" is-config="true" duration-ms="18" started-at="2020-03-02T22:39:41 IST" finished-at="2020-03-02T22:39:41 IST">
          <reporter-output>
          </reporter-output>
        </test-method> <!-- start -->
        <test-method status="PASS" signature="setup()[pri:0, instance:com.w2a.apitestcases.CreateCustomerTest@5b87ed94]" name="setup" is-config="true" duration-ms="525" started-at="2020-03-02T22:39:41 IST" depends-on-methods="com.w2a.ApiTestingFramework.setup.BaseTest.start" finished-at="2020-03-02T22:39:41 IST">
          <reporter-output>
          </reporter-output>
        </test-method> <!-- setup -->
        <test-method status="PASS" signature="validateCreateTestWithValidApiSecretKey()[pri:0, instance:com.w2a.apitestcases.CreateCustomerTest@5b87ed94]" name="validateCreateTestWithValidApiSecretKey" duration-ms="2873" started-at="2020-03-02T22:39:41 IST" finished-at="2020-03-02T22:39:44 IST">
          <reporter-output>
          </reporter-output>
        </test-method> <!-- validateCreateTestWithValidApiSecretKey -->
        <test-method status="PASS" signature="teardown()[pri:0, instance:com.w2a.apitestcases.CreateCustomerTest@5b87ed94]" name="teardown" is-config="true" duration-ms="2" started-at="2020-03-02T22:39:44 IST" finished-at="2020-03-02T22:39:44 IST">
          <reporter-output>
          </reporter-output>
        </test-method> <!-- teardown -->
      </class> <!-- com.w2a.apitestcases.CreateCustomerTest -->
    </test> <!-- Default test -->
  </suite> <!-- Default suite -->
</testng-results>
